<?xml version="1.0" encoding="UTF-8"?>
<!-- Generated by org.testng.reporters.JUnitXMLReporter -->
<testsuite name="Find Right Mobile Test" tests="1" failures="1" timestamp="11 Jul 2017 11:29:21 GMT" time="26.004" errors="0">
  <testcase name="loginTest" time="24.986" classname="com.gmp.SignUpTest">
    <failure type="java.lang.NoClassDefFoundError" message="com/google/gson/JsonParseException">
      <![CDATA[java.lang.NoClassDefFoundError: com/google/gson/JsonParseException
	at org.openqa.selenium.remote.http.JsonHttpCommandCodec.<init>(JsonHttpCommandCodec.java:63)
	at org.openqa.selenium.remote.HttpCommandExecutor.<init>(HttpCommandExecutor.java:85)
	at io.appium.java_client.remote.AppiumCommandExecutor.<init>(AppiumCommandExecutor.java:39)
	at io.appium.java_client.remote.AppiumCommandExecutor.<init>(AppiumCommandExecutor.java:52)
	at io.appium.java_client.AppiumDriver.<init>(AppiumDriver.java:169)
	at io.appium.java_client.android.AndroidDriver.<init>(AndroidDriver.java:82)
	at com.gmt.base.BaseTest.launchApp(BaseTest.java:34)
	at com.gmp.SignUpTest.loginTest(SignUpTest.java:18)
Caused by: java.lang.ClassNotFoundException: com.google.gson.JsonParseException
	at java.net.URLClassLoader$1.run(URLClassLoader.java:366)
	at java.net.URLClassLoader$1.run(URLClassLoader.java:355)
	at java.security.AccessController.doPrivileged(Native Method)
	at java.net.URLClassLoader.findClass(URLClassLoader.java:354)
	at java.lang.ClassLoader.loadClass(ClassLoader.java:425)
	at sun.misc.Launcher$AppClassLoader.loadClass(Launcher.java:308)
	at java.lang.ClassLoader.loadClass(ClassLoader.java:358)
	... 32 more
... Removed 24 stack frames]]>
    </failure>
  </testcase> <!-- loginTest -->
</testsuite> <!-- Find Right Mobile Test -->
