<?xml version="1.0" encoding="UTF-8" ?>
<testsuite failures="3" time="2.774" errors="0" skipped="0" tests="3" name="TestSuite">
  <properties>
[...]
</properties>
  <testcase time="0.296" classname="com.gmp.SearchTest" name="searchTest">
    <failure message="com/google/gson/JsonParseException" type="java.lang.NoClassDefFoundError">java.lang.NoClassDefFoundError: com/google/gson/JsonParseException
	at org.openqa.selenium.remote.http.JsonHttpCommandCodec.&lt;init&gt;(JsonHttpCommandCodec.java:63)
	at org.openqa.selenium.remote.HttpCommandExecutor.&lt;init&gt;(HttpCommandExecutor.java:85)
	at io.appium.java_client.remote.AppiumCommandExecutor.&lt;init&gt;(AppiumCommandExecutor.java:39)
	at io.appium.java_client.remote.AppiumCommandExecutor.&lt;init&gt;(AppiumCommandExecutor.java:52)
	at io.appium.java_client.AppiumDriver.&lt;init&gt;(AppiumDriver.java:169)
	at io.appium.java_client.android.AndroidDriver.&lt;init&gt;(AndroidDriver.java:82)
	at com.gmt.base.BaseTest.launchApp(BaseTest.java:36)
	at com.gmp.SearchTest.searchTest(SearchTest.java:20)
Caused by: java.lang.ClassNotFoundException: com.google.gson.JsonParseException
	at java.net.URLClassLoader$1.run(URLClassLoader.java:366)
	at java.net.URLClassLoader$1.run(URLClassLoader.java:355)
	at java.security.AccessController.doPrivileged(Native Method)
	at java.net.URLClassLoader.findClass(URLClassLoader.java:354)
	at java.lang.ClassLoader.loadClass(ClassLoader.java:425)
	at sun.misc.Launcher$AppClassLoader.loadClass(Launcher.java:308)
	at java.lang.ClassLoader.loadClass(ClassLoader.java:358)
	... 42 more
</failure>
  </testcase>
  <testcase time="0.002" classname="com.gmp.SignInTest" name="signInTest">
    <failure message="com/google/gson/JsonParseException" type="java.lang.NoClassDefFoundError">java.lang.NoClassDefFoundError: com/google/gson/JsonParseException
	at org.openqa.selenium.remote.http.JsonHttpCommandCodec.&lt;init&gt;(JsonHttpCommandCodec.java:63)
	at org.openqa.selenium.remote.HttpCommandExecutor.&lt;init&gt;(HttpCommandExecutor.java:85)
	at io.appium.java_client.remote.AppiumCommandExecutor.&lt;init&gt;(AppiumCommandExecutor.java:39)
	at io.appium.java_client.remote.AppiumCommandExecutor.&lt;init&gt;(AppiumCommandExecutor.java:52)
	at io.appium.java_client.AppiumDriver.&lt;init&gt;(AppiumDriver.java:169)
	at io.appium.java_client.android.AndroidDriver.&lt;init&gt;(AndroidDriver.java:82)
	at com.gmt.base.BaseTest.launchApp(BaseTest.java:36)
	at com.gmp.SignInTest.signInTest(SignInTest.java:20)
Caused by: java.lang.ClassNotFoundException: com.google.gson.JsonParseException
	at java.net.URLClassLoader$1.run(URLClassLoader.java:366)
	at java.net.URLClassLoader$1.run(URLClassLoader.java:355)
	at java.security.AccessController.doPrivileged(Native Method)
	at java.net.URLClassLoader.findClass(URLClassLoader.java:354)
	at java.lang.ClassLoader.loadClass(ClassLoader.java:425)
	at sun.misc.Launcher$AppClassLoader.loadClass(Launcher.java:308)
	at java.lang.ClassLoader.loadClass(ClassLoader.java:358)
	... 42 more
</failure>
  </testcase>
  <testcase time="0.001" classname="com.gmp.SignUpTest" name="signUpTest">
    <failure message="com/google/gson/JsonParseException" type="java.lang.NoClassDefFoundError">java.lang.NoClassDefFoundError: com/google/gson/JsonParseException
	at org.openqa.selenium.remote.http.JsonHttpCommandCodec.&lt;init&gt;(JsonHttpCommandCodec.java:63)
	at org.openqa.selenium.remote.HttpCommandExecutor.&lt;init&gt;(HttpCommandExecutor.java:85)
	at io.appium.java_client.remote.AppiumCommandExecutor.&lt;init&gt;(AppiumCommandExecutor.java:39)
	at io.appium.java_client.remote.AppiumCommandExecutor.&lt;init&gt;(AppiumCommandExecutor.java:52)
	at io.appium.java_client.AppiumDriver.&lt;init&gt;(AppiumDriver.java:169)
	at io.appium.java_client.android.AndroidDriver.&lt;init&gt;(AndroidDriver.java:82)
	at com.gmt.base.BaseTest.launchApp(BaseTest.java:36)
	at com.gmp.SignUpTest.signUpTest(SignUpTest.java:20)
Caused by: java.lang.ClassNotFoundException: com.google.gson.JsonParseException
	at java.net.URLClassLoader$1.run(URLClassLoader.java:366)
	at java.net.URLClassLoader$1.run(URLClassLoader.java:355)
	at java.security.AccessController.doPrivileged(Native Method)
	at java.net.URLClassLoader.findClass(URLClassLoader.java:354)
	at java.lang.ClassLoader.loadClass(ClassLoader.java:425)
	at sun.misc.Launcher$AppClassLoader.loadClass(Launcher.java:308)
	at java.lang.ClassLoader.loadClass(ClassLoader.java:358)
	... 42 more
</failure>
  </testcase>
</testsuite>